<?xml version="1.0" encoding="UTF-8"?>
<coverage generated="1674729693890" clover="3.2.0">
  <project timestamp="1674729693890" name="All files">
    <metrics statements="22" coveredstatements="21" conditionals="0" coveredconditionals="0" methods="10" coveredmethods="9" elements="32" coveredelements="30" complexity="0" loc="22" ncloc="22" packages="1" files="3" classes="3"/>
    <file name="account.js" path="/Users/evapradhan/Projects/bank_test/src/account.js">
      <metrics statements="6" coveredstatements="6" conditionals="0" coveredconditionals="0" methods="2" coveredmethods="2"/>
      <line num="3" count="4" type="stmt"/>
      <line num="5" count="4" type="stmt"/>
      <line num="9" count="5" type="stmt"/>
      <line num="10" count="5" type="stmt"/>
      <line num="15" count="5" type="stmt"/>
      <line num="21" count="1" type="stmt"/>
    </file>
    <file name="bankStatement.js" path="/Users/evapradhan/Projects/bank_test/src/bankStatement.js">
      <metrics statements="10" coveredstatements="10" conditionals="0" coveredconditionals="0" methods="4" coveredmethods="4"/>
      <line num="3" count="3" type="stmt"/>
      <line num="8" count="3" type="stmt"/>
      <line num="10" count="3" type="stmt"/>
      <line num="12" count="4" type="stmt"/>
      <line num="14" count="3" type="stmt"/>
      <line num="19" count="3" type="stmt"/>
      <line num="21" count="3" type="stmt"/>
      <line num="24" count="3" type="stmt"/>
      <line num="26" count="3" type="stmt"/>
      <line num="31" count="1" type="stmt"/>
    </file>
    <file name="transaction.js" path="/Users/evapradhan/Projects/bank_test/src/transaction.js">
      <metrics statements="6" coveredstatements="5" conditionals="0" coveredconditionals="0" methods="4" coveredmethods="3"/>
      <line num="3" count="2" type="stmt"/>
      <line num="7" count="2" type="stmt"/>
      <line num="8" count="2" type="stmt"/>
      <line num="12" count="2" type="stmt"/>
      <line num="16" count="0" type="stmt"/>
      <line num="22" count="1" type="stmt"/>
    </file>
  </project>
</coverage>
